<?xml version="1.0" encoding="UTF-8"?>
<!-- Generated by org.testng.reporters.JUnitXMLReporter -->
<testsuite ignored="2" hostname="MacBook-Pro-de-Jose.local" failures="0" tests="1" name="Default test" time="24.884" errors="0" timestamp="2022-03-15T21:04:06 CST">
  <testcase classname="tests.SeleniumDemo" name="radioButton" time="5.599"/>
  <testcase classname="tests.SeleniumDemo" name="sampleTestMethod" time="0.0">
    <ignored/>
  </testcase> <!-- sampleTestMethod -->
  <testcase classname="tests.SeleniumDemo" name="windowHandle" time="0.0">
    <ignored/>
  </testcase> <!-- windowHandle -->
</testsuite> <!-- Default test -->
