<?xml version="1.0" encoding="UTF-8"?>
<!-- Generated by org.testng.reporters.JUnitXMLReporter -->
<testsuite ignored="2" hostname="MacBook-Pro-de-Jose.local" failures="0" tests="1" name="Default test" time="15.071" errors="0" timestamp="2022-03-14T11:10:51 CST">
  <testcase classname="tests.SeleniumDemo" name="sampleTestMethod3" time="0.414"/>
  <testcase classname="tests.SeleniumDemo" name="sampleMethod2" time="0.0">
    <ignored/>
  </testcase> <!-- sampleMethod2 -->
  <testcase classname="tests.SeleniumDemo" name="sampleTestMethod" time="0.0">
    <ignored/>
  </testcase> <!-- sampleTestMethod -->
</testsuite> <!-- Default test -->
